Removed /home/miguel/Documents/Proyectos/SismicaUPM/seismic-building-exposure/examples/mlstructuralsystem/pilot_regions/models/LogisticRegression/models
Training complete.

2026/04/17 19:58:02 INFO mlflow.store.db.utils: Creating initial MLflow database tables...
2026/04/17 19:58:02 INFO mlflow.store.db.utils: Updating database tables
2026/04/17 19:58:06 INFO mlflow.tracking.fluent: Experiment with name 'multiclass_model_selection' does not exist. Creating a new experiment.
/home/miguel/Documents/Proyectos/SismicaUPM/seismic-building-exposure/.venv/lib/python3.12/site-packages/sklearn/linear_model/_logistic.py:1272: FutureWarning: 'multi_class' was deprecated in version 1.5 and will be removed in 1.8. From then on, it will always use 'multinomial'. Leave it to its default value to avoid this warning.
  warnings.warn(
/home/miguel/Documents/Proyectos/SismicaUPM/seismic-building-exposure/.venv/lib/python3.12/site-packages/sklearn/linear_model/_logistic.py:1272: FutureWarning: 'multi_class' was deprecated in version 1.5 and will be removed in 1.8. From then on, it will always use 'multinomial'. Leave it to its default value to avoid this warning.
  warnings.warn(
/home/miguel/Documents/Proyectos/SismicaUPM/seismic-building-exposure/.venv/lib/python3.12/site-packages/sklearn/linear_model/_logistic.py:1272: FutureWarning: 'multi_class' was deprecated in version 1.5 and will be removed in 1.8. From then on, it will always use 'multinomial'. Leave it to its default value to avoid this warning.
  warnings.warn(
/home/miguel/Documents/Proyectos/SismicaUPM/seismic-building-exposure/.venv/lib/python3.12/site-packages/sklearn/linear_model/_logistic.py:1272: FutureWarning: 'multi_class' was deprecated in version 1.5 and will be removed in 1.8. From then on, it will always use 'multinomial'. Leave it to its default value to avoid this warning.
  warnings.warn(
/home/miguel/Documents/Proyectos/SismicaUPM/seismic-building-exposure/.venv/lib/python3.12/site-packages/sklearn/linear_model/_logistic.py:1272: FutureWarning: 'multi_class' was deprecated in version 1.5 and will be removed in 1.8. From then on, it will always use 'multinomial'. Leave it to its default value to avoid this warning.
  warnings.warn(
/home/miguel/Documents/Proyectos/SismicaUPM/seismic-building-exposure/.venv/lib/python3.12/site-packages/sklearn/linear_model/_logistic.py:1272: FutureWarning: 'multi_class' was deprecated in version 1.5 and will be removed in 1.8. From then on, it will always use 'multinomial'. Leave it to its default value to avoid this warning.
  warnings.warn(
/home/miguel/Documents/Proyectos/SismicaUPM/seismic-building-exposure/.venv/lib/python3.12/site-packages/sklearn/linear_model/_logistic.py:1272: FutureWarning: 'multi_class' was deprecated in version 1.5 and will be removed in 1.8. From then on, it will always use 'multinomial'. Leave it to its default value to avoid this warning.
  warnings.warn(
/home/miguel/Documents/Proyectos/SismicaUPM/seismic-building-exposure/.venv/lib/python3.12/site-packages/sklearn/linear_model/_logistic.py:1272: FutureWarning: 'multi_class' was deprecated in version 1.5 and will be removed in 1.8. From then on, it will always use 'multinomial'. Leave it to its default value to avoid this warning.
  warnings.warn(
/home/miguel/Documents/Proyectos/SismicaUPM/seismic-building-exposure/.venv/lib/python3.12/site-packages/sklearn/linear_model/_logistic.py:1272: FutureWarning: 'multi_class' was deprecated in version 1.5 and will be removed in 1.8. From then on, it will always use 'multinomial'. Leave it to its default value to avoid this warning.
  warnings.warn(
/home/miguel/Documents/Proyectos/SismicaUPM/seismic-building-exposure/.venv/lib/python3.12/site-packages/sklearn/linear_model/_logistic.py:1272: FutureWarning: 'multi_class' was deprecated in version 1.5 and will be removed in 1.8. From then on, it will always use 'multinomial'. Leave it to its default value to avoid this warning.
  warnings.warn(
/home/miguel/Documents/Proyectos/SismicaUPM/seismic-building-exposure/.venv/lib/python3.12/site-packages/sklearn/linear_model/_logistic.py:1272: FutureWarning: 'multi_class' was deprecated in version 1.5 and will be removed in 1.8. From then on, it will always use 'multinomial'. Leave it to its default value to avoid this warning.
  warnings.warn(
/home/miguel/Documents/Proyectos/SismicaUPM/seismic-building-exposure/.venv/lib/python3.12/site-packages/sklearn/linear_model/_logistic.py:1272: FutureWarning: 'multi_class' was deprecated in version 1.5 and will be removed in 1.8. From then on, it will always use 'multinomial'. Leave it to its default value to avoid this warning.
  warnings.warn(
/home/miguel/Documents/Proyectos/SismicaUPM/seismic-building-exposure/.venv/lib/python3.12/site-packages/sklearn/linear_model/_logistic.py:1272: FutureWarning: 'multi_class' was deprecated in version 1.5 and will be removed in 1.8. From then on, it will always use 'multinomial'. Leave it to its default value to avoid this warning.
  warnings.warn(
/home/miguel/Documents/Proyectos/SismicaUPM/seismic-building-exposure/.venv/lib/python3.12/site-packages/sklearn/linear_model/_logistic.py:1272: FutureWarning: 'multi_class' was deprecated in version 1.5 and will be removed in 1.8. From then on, it will always use 'multinomial'. Leave it to its default value to avoid this warning.
  warnings.warn(
/home/miguel/Documents/Proyectos/SismicaUPM/seismic-building-exposure/.venv/lib/python3.12/site-packages/sklearn/linear_model/_logistic.py:1272: FutureWarning: 'multi_class' was deprecated in version 1.5 and will be removed in 1.8. From then on, it will always use 'multinomial'. Leave it to its default value to avoid this warning.
  warnings.warn(
/home/miguel/Documents/Proyectos/SismicaUPM/seismic-building-exposure/.venv/lib/python3.12/site-packages/sklearn/linear_model/_logistic.py:1272: FutureWarning: 'multi_class' was deprecated in version 1.5 and will be removed in 1.8. From then on, it will always use 'multinomial'. Leave it to its default value to avoid this warning.
  warnings.warn(
/home/miguel/Documents/Proyectos/SismicaUPM/seismic-building-exposure/.venv/lib/python3.12/site-packages/sklearn/linear_model/_logistic.py:1272: FutureWarning: 'multi_class' was deprecated in version 1.5 and will be removed in 1.8. From then on, it will always use 'multinomial'. Leave it to its default value to avoid this warning.
  warnings.warn(
/home/miguel/Documents/Proyectos/SismicaUPM/seismic-building-exposure/.venv/lib/python3.12/site-packages/sklearn/linear_model/_logistic.py:1272: FutureWarning: 'multi_class' was deprecated in version 1.5 and will be removed in 1.8. From then on, it will always use 'multinomial'. Leave it to its default value to avoid this warning.
  warnings.warn(
/home/miguel/Documents/Proyectos/SismicaUPM/seismic-building-exposure/.venv/lib/python3.12/site-packages/sklearn/linear_model/_logistic.py:1272: FutureWarning: 'multi_class' was deprecated in version 1.5 and will be removed in 1.8. From then on, it will always use 'multinomial'. Leave it to its default value to avoid this warning.
  warnings.warn(
/home/miguel/Documents/Proyectos/SismicaUPM/seismic-building-exposure/.venv/lib/python3.12/site-packages/sklearn/linear_model/_logistic.py:1272: FutureWarning: 'multi_class' was deprecated in version 1.5 and will be removed in 1.8. From then on, it will always use 'multinomial'. Leave it to its default value to avoid this warning.
  warnings.warn(
/home/miguel/Documents/Proyectos/SismicaUPM/seismic-building-exposure/.venv/lib/python3.12/site-packages/sklearn/linear_model/_logistic.py:1272: FutureWarning: 'multi_class' was deprecated in version 1.5 and will be removed in 1.8. From then on, it will always use 'multinomial'. Leave it to its default value to avoid this warning.
  warnings.warn(
/home/miguel/Documents/Proyectos/SismicaUPM/seismic-building-exposure/.venv/lib/python3.12/site-packages/sklearn/linear_model/_logistic.py:1272: FutureWarning: 'multi_class' was deprecated in version 1.5 and will be removed in 1.8. From then on, it will always use 'multinomial'. Leave it to its default value to avoid this warning.
  warnings.warn(
/home/miguel/Documents/Proyectos/SismicaUPM/seismic-building-exposure/.venv/lib/python3.12/site-packages/sklearn/linear_model/_logistic.py:1272: FutureWarning: 'multi_class' was deprecated in version 1.5 and will be removed in 1.8. From then on, it will always use 'multinomial'. Leave it to its default value to avoid this warning.
  warnings.warn(
/home/miguel/Documents/Proyectos/SismicaUPM/seismic-building-exposure/.venv/lib/python3.12/site-packages/sklearn/linear_model/_logistic.py:1272: FutureWarning: 'multi_class' was deprecated in version 1.5 and will be removed in 1.8. From then on, it will always use 'multinomial'. Leave it to its default value to avoid this warning.
  warnings.warn(
/home/miguel/Documents/Proyectos/SismicaUPM/seismic-building-exposure/.venv/lib/python3.12/site-packages/sklearn/linear_model/_logistic.py:1272: FutureWarning: 'multi_class' was deprecated in version 1.5 and will be removed in 1.8. From then on, it will always use 'multinomial'. Leave it to its default value to avoid this warning.
  warnings.warn(
/home/miguel/Documents/Proyectos/SismicaUPM/seismic-building-exposure/.venv/lib/python3.12/site-packages/sklearn/linear_model/_logistic.py:1272: FutureWarning: 'multi_class' was deprecated in version 1.5 and will be removed in 1.8. From then on, it will always use 'multinomial'. Leave it to its default value to avoid this warning.
  warnings.warn(
/home/miguel/Documents/Proyectos/SismicaUPM/seismic-building-exposure/.venv/lib/python3.12/site-packages/sklearn/linear_model/_logistic.py:1272: FutureWarning: 'multi_class' was deprecated in version 1.5 and will be removed in 1.8. From then on, it will always use 'multinomial'. Leave it to its default value to avoid this warning.
  warnings.warn(
/home/miguel/Documents/Proyectos/SismicaUPM/seismic-building-exposure/.venv/lib/python3.12/site-packages/sklearn/linear_model/_logistic.py:1272: FutureWarning: 'multi_class' was deprecated in version 1.5 and will be removed in 1.8. From then on, it will always use 'multinomial'. Leave it to its default value to avoid this warning.
  warnings.warn(
/home/miguel/Documents/Proyectos/SismicaUPM/seismic-building-exposure/.venv/lib/python3.12/site-packages/sklearn/linear_model/_logistic.py:1272: FutureWarning: 'multi_class' was deprecated in version 1.5 and will be removed in 1.8. From then on, it will always use 'multinomial'. Leave it to its default value to avoid this warning.
  warnings.warn(
/home/miguel/Documents/Proyectos/SismicaUPM/seismic-building-exposure/.venv/lib/python3.12/site-packages/sklearn/linear_model/_logistic.py:1272: FutureWarning: 'multi_class' was deprecated in version 1.5 and will be removed in 1.8. From then on, it will always use 'multinomial'. Leave it to its default value to avoid this warning.
  warnings.warn(
/home/miguel/Documents/Proyectos/SismicaUPM/seismic-building-exposure/.venv/lib/python3.12/site-packages/sklearn/linear_model/_logistic.py:1272: FutureWarning: 'multi_class' was deprecated in version 1.5 and will be removed in 1.8. From then on, it will always use 'multinomial'. Leave it to its default value to avoid this warning.
  warnings.warn(
/home/miguel/Documents/Proyectos/SismicaUPM/seismic-building-exposure/.venv/lib/python3.12/site-packages/sklearn/linear_model/_logistic.py:1272: FutureWarning: 'multi_class' was deprecated in version 1.5 and will be removed in 1.8. From then on, it will always use 'multinomial'. Leave it to its default value to avoid this warning.
  warnings.warn(
/home/miguel/Documents/Proyectos/SismicaUPM/seismic-building-exposure/.venv/lib/python3.12/site-packages/sklearn/linear_model/_logistic.py:1272: FutureWarning: 'multi_class' was deprecated in version 1.5 and will be removed in 1.8. From then on, it will always use 'multinomial'. Leave it to its default value to avoid this warning.
  warnings.warn(
/home/miguel/Documents/Proyectos/SismicaUPM/seismic-building-exposure/.venv/lib/python3.12/site-packages/sklearn/linear_model/_logistic.py:1272: FutureWarning: 'multi_class' was deprecated in version 1.5 and will be removed in 1.8. From then on, it will always use 'multinomial'. Leave it to its default value to avoid this warning.
  warnings.warn(
/home/miguel/Documents/Proyectos/SismicaUPM/seismic-building-exposure/.venv/lib/python3.12/site-packages/sklearn/linear_model/_logistic.py:1272: FutureWarning: 'multi_class' was deprecated in version 1.5 and will be removed in 1.8. From then on, it will always use 'multinomial'. Leave it to its default value to avoid this warning.
  warnings.warn(
/home/miguel/Documents/Proyectos/SismicaUPM/seismic-building-exposure/.venv/lib/python3.12/site-packages/sklearn/linear_model/_logistic.py:1272: FutureWarning: 'multi_class' was deprecated in version 1.5 and will be removed in 1.8. From then on, it will always use 'multinomial'. Leave it to its default value to avoid this warning.
  warnings.warn(
/home/miguel/Documents/Proyectos/SismicaUPM/seismic-building-exposure/.venv/lib/python3.12/site-packages/sklearn/linear_model/_logistic.py:1272: FutureWarning: 'multi_class' was deprecated in version 1.5 and will be removed in 1.8. From then on, it will always use 'multinomial'. Leave it to its default value to avoid this warning.
  warnings.warn(
/home/miguel/Documents/Proyectos/SismicaUPM/seismic-building-exposure/.venv/lib/python3.12/site-packages/sklearn/linear_model/_logistic.py:1272: FutureWarning: 'multi_class' was deprecated in version 1.5 and will be removed in 1.8. From then on, it will always use 'multinomial'. Leave it to its default value to avoid this warning.
  warnings.warn(
/home/miguel/Documents/Proyectos/SismicaUPM/seismic-building-exposure/.venv/lib/python3.12/site-packages/sklearn/linear_model/_logistic.py:1272: FutureWarning: 'multi_class' was deprecated in version 1.5 and will be removed in 1.8. From then on, it will always use 'multinomial'. Leave it to its default value to avoid this warning.
  warnings.warn(
/home/miguel/Documents/Proyectos/SismicaUPM/seismic-building-exposure/.venv/lib/python3.12/site-packages/sklearn/linear_model/_logistic.py:1272: FutureWarning: 'multi_class' was deprecated in version 1.5 and will be removed in 1.8. From then on, it will always use 'multinomial'. Leave it to its default value to avoid this warning.
  warnings.warn(
/home/miguel/Documents/Proyectos/SismicaUPM/seismic-building-exposure/.venv/lib/python3.12/site-packages/sklearn/linear_model/_logistic.py:1272: FutureWarning: 'multi_class' was deprecated in version 1.5 and will be removed in 1.8. From then on, it will always use 'multinomial'. Leave it to its default value to avoid this warning.
  warnings.warn(
/home/miguel/Documents/Proyectos/SismicaUPM/seismic-building-exposure/.venv/lib/python3.12/site-packages/sklearn/linear_model/_logistic.py:1272: FutureWarning: 'multi_class' was deprecated in version 1.5 and will be removed in 1.8. From then on, it will always use 'multinomial'. Leave it to its default value to avoid this warning.
  warnings.warn(
/home/miguel/Documents/Proyectos/SismicaUPM/seismic-building-exposure/.venv/lib/python3.12/site-packages/sklearn/linear_model/_logistic.py:1272: FutureWarning: 'multi_class' was deprecated in version 1.5 and will be removed in 1.8. From then on, it will always use 'multinomial'. Leave it to its default value to avoid this warning.
  warnings.warn(
/home/miguel/Documents/Proyectos/SismicaUPM/seismic-building-exposure/.venv/lib/python3.12/site-packages/sklearn/linear_model/_logistic.py:1272: FutureWarning: 'multi_class' was deprecated in version 1.5 and will be removed in 1.8. From then on, it will always use 'multinomial'. Leave it to its default value to avoid this warning.
  warnings.warn(
/home/miguel/Documents/Proyectos/SismicaUPM/seismic-building-exposure/.venv/lib/python3.12/site-packages/sklearn/linear_model/_logistic.py:1272: FutureWarning: 'multi_class' was deprecated in version 1.5 and will be removed in 1.8. From then on, it will always use 'multinomial'. Leave it to its default value to avoid this warning.
  warnings.warn(
